09-Aug-21 13:04:25 - Redirecting http://127.0.0.1:60312/session -> http://127.0.0.1:60312/session/9b18d6d8-306b-4e87-81fa-444fe35f65f9
09-Aug-21 13:04:25 - *****IE Driver Initialized*****
09-Aug-21 13:04:25 - *****Driver Initialized*****
09-Aug-21 13:04:34 - *****Unable to launch the application
09-Aug-21 13:04:34 - Message: The xpath expression '//button[@class='ant-btn ant-btn-link button-language']' cannot be evaluated or does notresult in a WebElement
Traceback (most recent call last):
  File "Features\steps\signUp_steps_IE.py", line 48, in Clicklanguage
    signup_page.ClickonLanguageLink()
  File "C:\project\Omni-Channel-Hub\PageObjects\signUpPage.py", line 98, in ClickonLanguageLink
    self.driver.find_element_by_xpath(self.language_button_xpath).click()
  File "c:\python\lib\site-packages\selenium\webdriver\remote\webdriver.py", line 394, in find_element_by_xpath
    return self.find_element(by=By.XPATH, value=xpath)
  File "c:\python\lib\site-packages\selenium\webdriver\remote\webdriver.py", line 976, in find_element
    return self.execute(Command.FIND_ELEMENT, {
  File "c:\python\lib\site-packages\selenium\webdriver\remote\webdriver.py", line 321, in execute
    self.error_handler.check_response(response)
  File "c:\python\lib\site-packages\selenium\webdriver\remote\errorhandler.py", line 242, in check_response
    raise exception_class(message, screen, stacktrace)
selenium.common.exceptions.InvalidSelectorException: Message: The xpath expression '//button[@class='ant-btn ant-btn-link button-language']' cannot be evaluated or does notresult in a WebElement

09-Aug-21 13:04:34 - *****Expected Element for sign up page Not Found in English Language******
09-Aug-21 13:04:50 - Message: 
Traceback (most recent call last):
  File "Features\steps\signUp_steps_IE.py", line 102, in Signup1
    login_password_element = WebDriverWait(context.driver, 10).until(
  File "c:\python\lib\site-packages\selenium\webdriver\support\wait.py", line 80, in until
    raise TimeoutException(message, screen, stacktrace)
selenium.common.exceptions.TimeoutException: Message: 

09-Aug-21 13:04:50 - *****Expected Element for sign up page Not Found******
09-Aug-21 13:04:55 - Redirecting http://127.0.0.1:60383/session -> http://127.0.0.1:60383/session/81152a57-54ba-4cb2-85e0-c1c14bcf9925
09-Aug-21 13:04:55 - *****IE Driver Initialized*****
09-Aug-21 13:04:55 - *****Driver Initialized*****
09-Aug-21 13:05:02 - *****Unable to launch the application
09-Aug-21 13:05:18 - Message: 
Traceback (most recent call last):
  File "Features\steps\signUp_steps_IE.py", line 102, in Signup1
    login_password_element = WebDriverWait(context.driver, 10).until(
  File "c:\python\lib\site-packages\selenium\webdriver\support\wait.py", line 80, in until
    raise TimeoutException(message, screen, stacktrace)
selenium.common.exceptions.TimeoutException: Message: 

09-Aug-21 13:05:18 - *****Expected Element for sign up page Not Found******
r Initialized*****
*****Driver Initialized*****
*****Driver Initialized*****
*****Driver Initialized*****
*****Driver Initialized*****
*****Driver Initialized*****
*****Unable to launch the application
*****Unable to launch the application
*****Unable to launch the application
*****Unable to launch the application
*****Unable to launch the application
*****Unable to launch the application
*****Unable to launch the application
*****Unable to launch the application
*****Unable to launch the application
*****Unable to launch the application
*****Unable to launch the application
*****Unable to launch the application
*****Unable to launch the application
*****Unable to launch the application
*****Unable to launch the application
*****Unable to launch the application
*****Unable to launch the application
Message: The xpath expression '//button[@class='ant-btn ant-btn-link button-language']' cannot be evaluated or does notresult in a WebElement
Traceback (most recent call last):
  File "Features\steps\signUp_steps_IE.py", line 48, in Clicklanguage
    signup_page.ClickonLanguageLink()
  File "C:\project\Omni-Channel-Hub\PageObjects\signUpPage.py", line 98, in ClickonLanguageLink
    self.driver.find_element_by_xpath(self.language_button_xpath).click()
  File "c:\python\lib\site-packages\selenium\webdriver\remote\webdriver.py", line 394, in find_element_by_xpath
    return self.find_element(by=By.XPATH, value=xpath)
  File "c:\python\lib\site-packages\selenium\webdriver\remote\webdriver.py", line 976, in find_element
    return self.execute(Command.FIND_ELEMENT, {
  File "c:\python\lib\site-packages\selenium\webdriver\remote\webdriver.py", line 321, in execute
    self.error_handler.check_response(response)
  File "c:\python\lib\site-packages\selenium\webdriver\remote\errorhandler.py", line 242, in check_response
    raise exception_class(message, screen, stacktrace)
selenium.common.exceptions.InvalidSelectorException: Message: The xpath expression '//button[@class='ant-btn ant-btn-link button-language']' cannot be evaluated or does notresult in a WebElement

Message: The xpath expression '//button[@class='ant-btn ant-btn-link button-language']' cannot be evaluated or does notresult in a WebElement
Traceback (most recent call last):
  File "Features\steps\signUp_steps_IE.py", line 48, in Clicklanguage
    signup_page.ClickonLanguageLink()
  File "C:\project\Omni-Channel-Hub\PageObjects\signUpPage.py", line 98, in ClickonLanguageLink
    self.driver.find_element_by_xpath(self.language_button_xpath).click()
  File "c:\python\lib\site-packages\selenium\webdriver\remote\webdriver.py", line 394, in find_element_by_xpath
    return self.find_element(by=By.XPATH, value=xpath)
  File "c:\python\lib\site-packages\selenium\webdriver\remote\webdriver.py", line 976, in find_element
    return self.execute(Command.FIND_ELEMENT, {
  File "c:\python\lib\site-packages\selenium\webdriver\remote\webdriver.py", line 321, in execute
    self.error_handler.check_response(response)
  File "c:\python\lib\site-packages\selenium\webdriver\remote\errorhandler.py", line 242, in check_response
    raise exception_class(message, screen, stacktrace)
selenium.common.exceptions.InvalidSelectorException: Message: The xpath expression '//button[@class='ant-btn ant-btn-link button-language']' cannot be evaluated or does notresult in a WebElement

Message: The xpath expression '//button[@class='ant-btn ant-btn-link button-language']' cannot be evaluated or does notresult in a WebElement
Traceback (most recent call last):
  File "Features\steps\signUp_steps_IE.py", line 48, in Clicklanguage
    signup_page.ClickonLanguageLink()
  File "C:\project\Omni-Channel-Hub\PageObjects\signUpPage.py", line 98, in ClickonLanguageLink
    self.driver.find_element_by_xpath(self.language_button_xpath).click()
  File "c:\python\lib\site-packages\selenium\webdriver\remote\webdriver.py", line 394, in find_element_by_xpath
    return self.find_element(by=By.XPATH, value=xpath)
  File "c:\python\lib\site-packages\selenium\webdriver\remote\webdriver.py", line 976, in find_element
    return self.execute(Command.FIND_ELEMENT, {
  File "c:\python\lib\site-packages\selenium\webdriver\remote\webdriver.py", line 321, in execute
    self.error_handler.check_response(response)
  File "c:\python\lib\site-packages\selenium\webdriver\remote\errorhandler.py", line 242, in check_response
    raise exception_class(message, screen, stacktrace)
selenium.common.exceptions.InvalidSelectorException: Message: The xpath expression '//button[@class='ant-btn ant-btn-link button-language']' cannot be evaluated or does notresult in a WebElement

Message: The xpath expression '//button[@class='ant-btn ant-btn-link button-language']' cannot be evaluated or does notresult in a WebElement
Traceback (most recent call last):
  File "Features\steps\signUp_steps_IE.py", line 48, in Clicklanguage
    signup_page.ClickonLanguageLink()
  File "C:\project\Omni-Channel-Hub\PageObjects\signUpPage.py", line 98, in ClickonLanguageLink
    self.driver.find_element_by_xpath(self.language_button_xpath).click()
  File "c:\python\lib\site-packages\selenium\webdriver\remote\webdriver.py", line 394, in find_element_by_xpath
    return self.find_element(by=By.XPATH, value=xpath)
  File "c:\python\lib\site-packages\selenium\webdriver\remote\webdriver.py", line 976, in find_element
    return self.execute(Command.FIND_ELEMENT, {
  File "c:\python\lib\site-packages\selenium\webdriver\remote\webdriver.py", line 321, in execute
    self.error_handler.check_response(response)
  File "c:\python\lib\site-packages\selenium\webdriver\remote\errorhandler.py", line 242, in check_response
    raise exception_class(message, screen, stacktrace)
selenium.common.exceptions.InvalidSelectorException: Message: The xpath expression '//button[@class='ant-btn ant-btn-link button-language']' cannot be evaluated or does notresult in a WebElement

Message: The xpath expression '//button[@class='ant-btn ant-btn-link button-language']' cannot be evaluated or does notresult in a WebElement
Traceback (most recent call last):
  File "Features\steps\signUp_steps_IE.py", line 48, in Clicklanguage
    signup_page.ClickonLanguageLink()
  File "C:\project\Omni-Channel-Hub\PageObjects\signUpPage.py", line 98, in ClickonLanguageLink
    self.driver.find_element_by_xpath(self.language_button_xpath).click()
  File "c:\python\lib\site-packages\selenium\webdriver\remote\webdriver.py", line 394, in find_element_by_xpath
    return self.find_element(by=By.XPATH, value=xpath)
  File "c:\python\lib\site-packages\selenium\webdriver\remote\webdriver.py", line 976, in find_element
    return self.execute(Command.FIND_ELEMENT, {
  File "c:\python\lib\site-packages\selenium\webdriver\remote\webdriver.py", line 321, in execute
    self.error_handler.check_response(response)
  File "c:\python\lib\site-packages\selenium\webdriver\remote\errorhandler.py", line 242, in check_response
    raise exception_class(message, screen, stacktrace)
selenium.common.exceptions.InvalidSelectorException: Message: The xpath expression '//button[@class='ant-btn ant-btn-link button-language']' cannot be evaluated or does notresult in a WebElement

Message: The xpath expression '//button[@class='ant-btn ant-btn-link button-language']' cannot be evaluated or does notresult in a WebElement
Traceback (most recent call last):
  File "Features\steps\signUp_steps_IE.py", line 48, in Clicklanguage
    signup_page.ClickonLanguageLink()
  File "C:\project\Omni-Channel-Hub\PageObjects\signUpPage.py", line 98, in ClickonLanguageLink
    self.driver.find_element_by_xpath(self.language_button_xpath).click()
  File "c:\python\lib\site-packages\selenium\webdriver\remote\webdriver.py", line 394, in find_element_by_xpath
    return self.find_element(by=By.XPATH, value=xpath)
  File "c:\python\lib\site-packages\selenium\webdriver\remote\webdriver.py", line 976, in find_element
    return self.execute(Command.FIND_ELEMENT, {
  File "c:\python\lib\site-packages\selenium\webdriver\remote\webdriver.py", line 321, in execute
    self.error_handler.check_response(response)
  File "c:\python\lib\site-packages\selenium\webdriver\remote\errorhandler.py", line 242, in check_response
    raise exception_class(message, screen, stacktrace)
selenium.common.exceptions.InvalidSelectorException: Message: The xpath expression '//button[@class='ant-btn ant-btn-link button-language']' cannot be evaluated or does notresult in a WebElement

Message: The xpath expression '//button[@class='ant-btn ant-btn-link button-language']' cannot be evaluated or does notresult in a WebElement
Traceback (most recent call last):
  File "Features\steps\signUp_steps_IE.py", line 48, in Clicklanguage
    signup_page.ClickonLanguageLink()
  File "C:\project\Omni-Channel-Hub\PageObjects\signUpPage.py", line 98, in ClickonLanguageLink
    self.driver.find_element_by_xpath(self.language_button_xpath).click()
  File "c:\python\lib\site-packages\selenium\webdriver\remote\webdriver.py", line 394, in find_element_by_xpath
    return self.find_element(by=By.XPATH, value=xpath)
  File "c:\python\lib\site-packages\selenium\webdriver\remote\webdriver.py", line 976, in find_element
    return self.execute(Command.FIND_ELEMENT, {
  File "c:\python\lib\site-packages\selenium\webdriver\remote\webdriver.py", line 321, in execute
    self.error_handler.check_response(response)
  File "c:\python\lib\site-packages\selenium\webdriver\remote\errorhandler.py", line 242, in check_response
    raise exception_class(message, screen, stacktrace)
selenium.common.exceptions.InvalidSelectorException: Message: The xpath expression '//button[@class='ant-btn ant-btn-link button-language']' cannot be evaluated or does notresult in a WebElement

Message: The xpath expression '//button[@class='ant-btn ant-btn-link button-language']' cannot be evaluated or does notresult in a WebElement
Traceback (most recent call last):
  File "Features\steps\signUp_steps_IE.py", line 48, in Clicklanguage
    signup_page.ClickonLanguageLink()
  File "C:\project\Omni-Channel-Hub\PageObjects\signUpPage.py", line 98, in ClickonLanguageLink
    self.driver.find_element_by_xpath(self.language_button_xpath).click()
  File "c:\python\lib\site-packages\selenium\webdriver\remote\webdriver.py", line 394, in find_element_by_xpath
    return self.find_element(by=By.XPATH, value=xpath)
  File "c:\python\lib\site-packages\selenium\webdriver\remote\webdriver.py", line 976, in find_element
    return self.execute(Command.FIND_ELEMENT, {
  File "c:\python\lib\site-packages\selenium\webdriver\remote\webdriver.py", line 321, in execute
    self.error_handler.check_response(response)
  File "c:\python\lib\site-packages\selenium\webdriver\remote\errorhandler.py", line 242, in check_response
    raise exception_class(message, screen, stacktrace)
selenium.common.exceptions.InvalidSelectorException: Message: The xpath expression '//button[@class='ant-btn ant-btn-link button-language']' cannot be evaluated or does notresult in a WebElement

Message: The xpath expression '//button[@class='ant-btn ant-btn-link button-language']' cannot be evaluated or does notresult in a WebElement
Traceback (most recent call last):
  File "Features\steps\signUp_steps_IE.py", line 48, in Clicklanguage
    signup_page.ClickonLanguageLink()
  File "C:\project\Omni-Channel-Hub\PageObjects\signUpPage.py", line 98, in ClickonLanguageLink
    self.driver.find_element_by_xpath(self.language_button_xpath).click()
  File "c:\python\lib\site-packages\selenium\webdriver\remote\webdriver.py", line 394, in find_element_by_xpath
    return self.find_element(by=By.XPATH, value=xpath)
  File "c:\python\lib\site-packages\selenium\webdriver\remote\webdriver.py", line 976, in find_element
    return self.execute(Command.FIND_ELEMENT, {
  File "c:\python\lib\site-packages\selenium\webdriver\remote\webdriver.py", line 321, in execute
    self.error_handler.check_response(response)
  File "c:\python\lib\site-packages\selenium\webdriver\remote\errorhandler.py", line 242, in check_response
    raise exception_class(message, screen, stacktrace)
selenium.common.exceptions.InvalidSelectorException: Message: The xpath expression '//button[@class='ant-btn ant-btn-link button-language']' cannot be evaluated or does notresult in a WebElement

Message: The xpath expression '//button[@class='ant-btn ant-btn-link button-language']' cannot be evaluated or does notresult in a WebElement
Traceback (most recent call last):
  File "Features\steps\signUp_steps_IE.py", line 48, in Clicklanguage
    signup_page.ClickonLanguageLink()
  File "C:\project\Omni-Channel-Hub\PageObjects\signUpPage.py", line 98, in ClickonLanguageLink
    self.driver.find_element_by_xpath(self.language_button_xpath).click()
  File "c:\python\lib\site-packages\selenium\webdriver\remote\webdriver.py", line 394, in find_element_by_xpath
    return self.find_element(by=By.XPATH, value=xpath)
  File "c:\python\lib\site-packages\selenium\webdriver\remote\webdriver.py", line 976, in find_element
    return self.execute(Command.FIND_ELEMENT, {
  File "c:\python\lib\site-packages\selenium\webdriver\remote\webdriver.py", line 321, in execute
    self.error_handler.check_response(response)
  File "c:\python\lib\site-packages\selenium\webdriver\remote\errorhandler.py", line 242, in check_response
    raise exception_class(message, screen, stacktrace)
selenium.common.exceptions.InvalidSelectorException: Message: The xpath expression '//button[@class='ant-btn ant-btn-link button-language']' cannot be evaluated or does notresult in a WebElement

Message: The xpath expression '//button[@class='ant-btn ant-btn-link button-language']' cannot be evaluated or does notresult in a WebElement
Traceback (most recent call last):
  File "Features\steps\signUp_steps_IE.py", line 48, in Clicklanguage
    signup_page.ClickonLanguageLink()
  File "C:\project\Omni-Channel-Hub\PageObjects\signUpPage.py", line 98, in ClickonLanguageLink
    self.driver.find_element_by_xpath(self.language_button_xpath).click()
  File "c:\python\lib\site-packages\selenium\webdriver\remote\webdriver.py", line 394, in find_element_by_xpath
    return self.find_element(by=By.XPATH, value=xpath)
  File "c:\python\lib\site-packages\selenium\webdriver\remote\webdriver.py", line 976, in find_element
    return self.execute(Command.FIND_ELEMENT, {
  File "c:\python\lib\site-packages\selenium\webdriver\remote\webdriver.py", line 321, in execute
    self.error_handler.check_response(response)
  File "c:\python\lib\site-packages\selenium\webdriver\remote\errorhandler.py", line 242, in check_response
    raise exception_class(message, screen, stacktrace)
selenium.common.exceptions.InvalidSelectorException: Message: The xpath expression '//button[@class='ant-btn ant-btn-link button-language']' cannot be evaluated or does notresult in a WebElement

Message: The xpath expression '//button[@class='ant-btn ant-btn-link button-language']' cannot be evaluated or does notresult in a WebElement
Traceback (most recent call last):
  File "Features\steps\signUp_steps_IE.py", line 48, in Clicklanguage
    signup_page.ClickonLanguageLink()
  File "C:\project\Omni-Channel-Hub\PageObjects\signUpPage.py", line 98, in ClickonLanguageLink
    self.driver.find_element_by_xpath(self.language_button_xpath).click()
  File "c:\python\lib\site-packages\selenium\webdriver\remote\webdriver.py", line 394, in find_element_by_xpath
    return self.find_element(by=By.XPATH, value=xpath)
  File "c:\python\lib\site-packages\selenium\webdriver\remote\webdriver.py", line 976, in find_element
    return self.execute(Command.FIND_ELEMENT, {
  File "c:\python\lib\site-packages\selenium\webdriver\remote\webdriver.py", line 321, in execute
    self.error_handler.check_response(response)
  File "c:\python\lib\site-packages\selenium\webdriver\remote\errorhandler.py", line 242, in check_response
    raise exception_class(message, screen, stacktrace)
selenium.common.exceptions.InvalidSelectorException: Message: The xpath expression '//button[@class='ant-btn ant-btn-link button-language']' cannot be evaluated or does notresult in a WebElement

Message: The xpath expression '//button[@class='ant-btn ant-btn-link button-language']' cannot be evaluated or does notresult in a WebElement
Traceback (most recent call last):
  File "Features\steps\signUp_steps_IE.py", line 48, in Clicklanguage
    signup_page.ClickonLanguageLink()
  File "C:\project\Omni-Channel-Hub\PageObjects\signUpPage.py", line 98, in ClickonLanguageLink
    self.driver.find_element_by_xpath(self.language_button_xpath).click()
  File "c:\python\lib\site-packages\selenium\webdriver\remote\webdriver.py", line 394, in find_element_by_xpath
    return self.find_element(by=By.XPATH, value=xpath)
  File "c:\python\lib\site-packages\selenium\webdriver\remote\webdriver.py", line 976, in find_element
    return self.execute(Command.FIND_ELEMENT, {
  File "c:\python\lib\site-packages\selenium\webdriver\remote\webdriver.py", line 321, in execute
    self.error_handler.check_response(response)
  File "c:\python\lib\site-packages\selenium\webdriver\remote\errorhandler.py", line 242, in check_response
    raise exception_class(message, screen, stacktrace)
selenium.common.exceptions.InvalidSelectorException: Message: The xpath expression '//button[@class='ant-btn ant-btn-link button-language']' cannot be evaluated or does notresult in a WebElement

Message: The xpath expression '//button[@class='ant-btn ant-btn-link button-language']' cannot be evaluated or does notresult in a WebElement
Traceback (most recent call last):
  File "Features\steps\signUp_steps_IE.py", line 48, in Clicklanguage
    signup_page.ClickonLanguageLink()
  File "C:\project\Omni-Channel-Hub\PageObjects\signUpPage.py", line 98, in ClickonLanguageLink
    self.driver.find_element_by_xpath(self.language_button_xpath).click()
  File "c:\python\lib\site-packages\selenium\webdriver\remote\webdriver.py", line 394, in find_element_by_xpath
    return self.find_element(by=By.XPATH, value=xpath)
  File "c:\python\lib\site-packages\selenium\webdriver\remote\webdriver.py", line 976, in find_element
    return self.execute(Command.FIND_ELEMENT, {
  File "c:\python\lib\site-packages\selenium\webdriver\remote\webdriver.py", line 321, in execute
    self.error_handler.check_response(response)
  File "c:\python\lib\site-packages\selenium\webdriver\remote\errorhandler.py", line 242, in check_response
    raise exception_class(message, screen, stacktrace)
selenium.common.exceptions.InvalidSelectorException: Message: The xpath expression '//button[@class='ant-btn ant-btn-link button-language']' cannot be evaluated or does notresult in a WebElement

Message: The xpath expression '//button[@class='ant-btn ant-btn-link button-language']' cannot be evaluated or does notresult in a WebElement
Traceback (most recent call last):
  File "Features\steps\signUp_steps_IE.py", line 48, in Clicklanguage
    signup_page.ClickonLanguageLink()
  File "C:\project\Omni-Channel-Hub\PageObjects\signUpPage.py", line 98, in ClickonLanguageLink
    self.driver.find_element_by_xpath(self.language_button_xpath).click()
  File "c:\python\lib\site-packages\selenium\webdriver\remote\webdriver.py", line 394, in find_element_by_xpath
    return self.find_element(by=By.XPATH, value=xpath)
  File "c:\python\lib\site-packages\selenium\webdriver\remote\webdriver.py", line 976, in find_element
    return self.execute(Command.FIND_ELEMENT, {
  File "c:\python\lib\site-packages\selenium\webdriver\remote\webdriver.py", line 321, in execute
    self.error_handler.check_response(response)
  File "c:\python\lib\site-packages\selenium\webdriver\remote\errorhandler.py", line 242, in check_response
    raise exception_class(message, screen, stacktrace)
selenium.common.exceptions.InvalidSelectorException: Message: The xpath expression '//button[@class='ant-btn ant-btn-link button-language']' cannot be evaluated or does notresult in a WebElement

Message: The xpath expression '//button[@class='ant-btn ant-btn-link button-language']' cannot be evaluated or does notresult in a WebElement
Traceback (most recent call last):
  File "Features\steps\signUp_steps_IE.py", line 48, in Clicklanguage
    signup_page.ClickonLanguageLink()
  File "C:\project\Omni-Channel-Hub\PageObjects\signUpPage.py", line 98, in ClickonLanguageLink
    self.driver.find_element_by_xpath(self.language_button_xpath).click()
  File "c:\python\lib\site-packages\selenium\webdriver\remote\webdriver.py", line 394, in find_element_by_xpath
    return self.find_element(by=By.XPATH, value=xpath)
  File "c:\python\lib\site-packages\selenium\webdriver\remote\webdriver.py", line 976, in find_element
    return self.execute(Command.FIND_ELEMENT, {
  File "c:\python\lib\site-packages\selenium\webdriver\remote\webdriver.py", line 321, in execute
    self.error_handler.check_response(response)
  File "c:\python\lib\site-packages\selenium\webdriver\remote\errorhandler.py", line 242, in check_response
    raise exception_class(message, screen, stacktrace)
selenium.common.exceptions.InvalidSelectorException: Message: The xpath expression '//button[@class='ant-btn ant-btn-link button-language']' cannot be evaluated or does notresult in a WebElement

Message: The xpath expression '//button[@class='ant-btn ant-btn-link button-language']' cannot be evaluated or does notresult in a WebElement
Traceback (most recent call last):
  File "Features\steps\signUp_steps_IE.py", line 48, in Clicklanguage
    signup_page.ClickonLanguageLink()
  File "C:\project\Omni-Channel-Hub\PageObjects\signUpPage.py", line 98, in ClickonLanguageLink
    self.driver.find_element_by_xpath(self.language_button_xpath).click()
  File "c:\python\lib\site-packages\selenium\webdriver\remote\webdriver.py", line 394, in find_element_by_xpath
    return self.find_element(by=By.XPATH, value=xpath)
  File "c:\python\lib\site-packages\selenium\webdriver\remote\webdriver.py", line 976, in find_element
    return self.execute(Command.FIND_ELEMENT, {
  File "c:\python\lib\site-packages\selenium\webdriver\remote\webdriver.py", line 321, in execute
    self.error_handler.check_response(response)
  File "c:\python\lib\site-packages\selenium\webdriver\remote\errorhandler.py", line 242, in check_response
    raise exception_class(message, screen, stacktrace)
selenium.common.exceptions.InvalidSelectorException: Message: The xpath expression '//button[@class='ant-btn ant-btn-link button-language']' cannot be evaluated or does notresult in a WebElement

*****Expected Element for sign up page Not Found in English Language******
*****Expected Element for sign up page Not Found in English Language******
*****Expected Element for sign up page Not Found in English Language******
*****Expected Element for sign up page Not Found in English Language******
*****Expected Element for sign up page Not Found in English Language******
*****Expected Element for sign up page Not Found in English Language******
*****Expected Element for sign up page Not Found in English Language******
*****Expected Element for sign up page Not Found in English Language******
*****Expected Element for sign up page Not Found in English Language******
*****Expected Element for sign up page Not Found in English Language******
*****Expected Element for sign up page Not Found in English Language******
*****Expected Element for sign up page Not Found in English Language******
*****Expected Element for sign up page Not Found in English Language******
*****Expected Element for sign up page Not Found in English Language******
*****Expected Element for sign up page Not Found in English Language******
*****Expected Element for sign up page Not Found in English Language******
*****Expected Element for sign up page Not Found in English Language******
Message: 
Traceback (most recent call last):
  File "Features\steps\signUp_steps_IE.py", line 102, in Signup1
    login_password_element = WebDriverWait(context.driver, 10).until(
  File "c:\python\lib\site-packages\selenium\webdriver\support\wait.py", line 80, in until
    raise TimeoutException(message, screen, stacktrace)
selenium.common.exceptions.TimeoutException: Message: 

Message: 
Traceback (most recent call last):
  File "Features\steps\signUp_steps_IE.py", line 102, in Signup1
    login_password_element = WebDriverWait(context.driver, 10).until(
  File "c:\python\lib\site-packages\selenium\webdriver\support\wait.py", line 80, in until
    raise TimeoutException(message, screen, stacktrace)
selenium.common.exceptions.TimeoutException: Message: 

Message: 
Traceback (most recent call last):
  File "Features\steps\signUp_steps_IE.py", line 102, in Signup1
    login_password_element = WebDriverWait(context.driver, 10).until(
  File "c:\python\lib\site-packages\selenium\webdriver\support\wait.py", line 80, in until
    raise TimeoutException(message, screen, stacktrace)
selenium.common.exceptions.TimeoutException: Message: 

Message: 
Traceback (most recent call last):
  File "Features\steps\signUp_steps_IE.py", line 102, in Signup1
    login_password_element = WebDriverWait(context.driver, 10).until(
  File "c:\python\lib\site-packages\selenium\webdriver\support\wait.py", line 80, in until
    raise TimeoutException(message, screen, stacktrace)
selenium.common.exceptions.TimeoutException: Message: 

Message: 
Traceback (most recent call last):
  File "Features\steps\signUp_steps_IE.py", line 102, in Signup1
    login_password_element = WebDriverWait(context.driver, 10).until(
  File "c:\python\lib\site-packages\selenium\webdriver\support\wait.py", line 80, in until
    raise TimeoutException(message, screen, stacktrace)
selenium.common.exceptions.TimeoutException: Message: 

Message: 
Traceback (most recent call last):
  File "Features\steps\signUp_steps_IE.py", line 102, in Signup1
    login_password_element = WebDriverWait(context.driver, 10).until(
  File "c:\python\lib\site-packages\selenium\webdriver\support\wait.py", line 80, in until
    raise TimeoutException(message, screen, stacktrace)
selenium.common.exceptions.TimeoutException: Message: 

Message: 
Traceback (most recent call last):
  File "Features\steps\signUp_steps_IE.py", line 102, in Signup1
    login_password_element = WebDriverWait(context.driver, 10).until(
  File "c:\python\lib\site-packages\selenium\webdriver\support\wait.py", line 80, in until
    raise TimeoutException(message, screen, stacktrace)
selenium.common.exceptions.TimeoutException: Message: 

Message: 
Traceback (most recent call last):
  File "Features\steps\signUp_steps_IE.py", line 102, in Signup1
    login_password_element = WebDriverWait(context.driver, 10).until(
  File "c:\python\lib\site-packages\selenium\webdriver\support\wait.py", line 80, in until
    raise TimeoutException(message, screen, stacktrace)
selenium.common.exceptions.TimeoutException: Message: 

Message: 
Traceback (most recent call last):
  File "Features\steps\signUp_steps_IE.py", line 102, in Signup1
    login_password_element = WebDriverWait(context.driver, 10).until(
  File "c:\python\lib\site-packages\selenium\webdriver\support\wait.py", line 80, in until
    raise TimeoutException(message, screen, stacktrace)
selenium.common.exceptions.TimeoutException: Message: 

Message: 
Traceback (most recent call last):
  File "Features\steps\signUp_steps_IE.py", line 102, in Signup1
    login_password_element = WebDriverWait(context.driver, 10).until(
  File "c:\python\lib\site-packages\selenium\webdriver\support\wait.py", line 80, in until
    raise TimeoutException(message, screen, stacktrace)
selenium.common.exceptions.TimeoutException: Message: 

Message: 
Traceback (most recent call last):
  File "Features\steps\signUp_steps_IE.py", line 102, in Signup1
    login_password_element = WebDriverWait(context.driver, 10).until(
  File "c:\python\lib\site-packages\selenium\webdriver\support\wait.py", line 80, in until
    raise TimeoutException(message, screen, stacktrace)
selenium.common.exceptions.TimeoutException: Message: 

Message: 
Traceback (most recent call last):
  File "Features\steps\signUp_steps_IE.py", line 102, in Signup1
    login_password_element = WebDriverWait(context.driver, 10).until(
  File "c:\python\lib\site-packages\selenium\webdriver\support\wait.py", line 80, in until
    raise TimeoutException(message, screen, stacktrace)
selenium.common.exceptions.TimeoutException: Message: 

Message: 
Traceback (most recent call last):
  File "Features\steps\signUp_steps_IE.py", line 102, in Signup1
    login_password_element = WebDriverWait(context.driver, 10).until(
  File "c:\python\lib\site-packages\selenium\webdriver\support\wait.py", line 80, in until
    raise TimeoutException(message, screen, stacktrace)
selenium.common.exceptions.TimeoutException: Message: 

Message: 
Traceback (most recent call last):
  File "Features\steps\signUp_steps_IE.py", line 102, in Signup1
    login_password_element = WebDriverWait(context.driver, 10).until(
  File "c:\python\lib\site-packages\selenium\webdriver\support\wait.py", line 80, in until
    raise TimeoutException(message, screen, stacktrace)
selenium.common.exceptions.TimeoutException: Message: 

Message: 
Traceback (most recent call last):
  File "Features\steps\signUp_steps_IE.py", line 102, in Signup1
    login_password_element = WebDriverWait(context.driver, 10).until(
  File "c:\python\lib\site-packages\selenium\webdriver\support\wait.py", line 80, in until
    raise TimeoutException(message, screen, stacktrace)
selenium.common.exceptions.TimeoutException: Message: 

Message: 
Traceback (most recent call last):
  File "Features\steps\signUp_steps_IE.py", line 102, in Signup1
    login_password_element = WebDriverWait(context.driver, 10).until(
  File "c:\python\lib\site-packages\selenium\webdriver\support\wait.py", line 80, in until
    raise TimeoutException(message, screen, stacktrace)
selenium.common.exceptions.TimeoutException: Message: 

Message: 
Traceback (most recent call last):
  File "Features\steps\signUp_steps_IE.py", line 102, in Signup1
    login_password_element = WebDriverWait(context.driver, 10).until(
  File "c:\python\lib\site-packages\selenium\webdriver\support\wait.py", line 80, in until
    raise TimeoutException(message, screen, stacktrace)
selenium.common.exceptions.TimeoutException: Message: 

*****Expected Element for sign up page Not Found******
*****Expected Element for sign up page Not Found******
*****Expected Element for sign up page Not Found******
*****Expected Element for sign up page Not Found******
*****Expected Element for sign up page Not Found******
*****Expected Element for sign up page Not Found******
*****Expected Element for sign up page Not Found******
*****Expected Element for sign up page Not Found******
*****Expected Element for sign up page Not Found******
*****Expected Element for sign up page Not Found******
*****Expected Element for sign up page Not Found******
*****Expected Element for sign up page Not Found******
*****Expected Element for sign up page Not Found******
*****Expected Element for sign up page Not Found******
*****Expected Element for sign up page Not Found******
*****Expected Element for sign up page Not Found******
*****Expected Element for sign up page Not Found******
Redirecting http://127.0.0.1:60383/session -> http://127.0.0.1:60383/session/81152a57-54ba-4cb2-85e0-c1c14bcf9925
Redirecting http://127.0.0.1:60383/session -> http://127.0.0.1:60383/session/81152a57-54ba-4cb2-85e0-c1c14bcf9925
Redirecting http://127.0.0.1:60383/session -> http://127.0.0.1:60383/session/81152a57-54ba-4cb2-85e0-c1c14bcf9925
Redirecting http://127.0.0.1:60383/session -> http://127.0.0.1:60383/session/81152a57-54ba-4cb2-85e0-c1c14bcf9925
Redirecting http://127.0.0.1:60383/session -> http://127.0.0.1:60383/session/81152a57-54ba-4cb2-85e0-c1c14bcf9925
Redirecting http://127.0.0.1:60383/session -> http://127.0.0.1:60383/session/81152a57-54ba-4cb2-85e0-c1c14bcf9925
Redirecting http://127.0.0.1:60383/session -> http://127.0.0.1:60383/session/81152a57-54ba-4cb2-85e0-c1c14bcf9925
Redirecting http://127.0.0.1:60383/session -> http://127.0.0.1:60383/session/81152a57-54ba-4cb2-85e0-c1c14bcf9925
Redirecting http://127.0.0.1:60383/session -> http://127.0.0.1:60383/session/81152a57-54ba-4cb2-85e0-c1c14bcf9925
Redirecting http://127.0.0.1:60383/session -> http://127.0.0.1:60383/session/81152a57-54ba-4cb2-85e0-c1c14bcf9925
Redirecting http://127.0.0.1:60383/session -> http://127.0.0.1:60383/session/81152a57-54ba-4cb2-85e0-c1c14bcf9925
Redirecting http://127.0.0.1:60383/session -> http://127.0.0.1:60383/session/81152a57-54ba-4cb2-85e0-c1c14bcf9925
Redirecting http://127.0.0.1:60383/session -> http://127.0.0.1:60383/session/81152a57-54ba-4cb2-85e0-c1c14bcf9925
Redirecting http://127.0.0.1:60383/session -> http://127.0.0.1:60383/session/81152a57-54ba-4cb2-85e0-c1c14bcf9925
Redirecting http://127.0.0.1:60383/session -> http://127.0.0.1:60383/session/81152a57-54ba-4cb2-85e0-c1c14bcf9925
Redirecting http://127.0.0.1:60383/session -> http://127.0.0.1:60383/session/81152a57-54ba-4cb2-85e0-c1c14bcf9925
Redirecting http://127.0.0.1:60383/session -> http://127.0.0.1:60383/session/81152a57-54ba-4cb2-85e0-c1c14bcf9925
*****IE Driver Initialized*****
*****IE Driver Initialized*****
*****IE Driver Initialized*****
*****IE Driver Initialized*****
*****IE Driver Initialized*****
*****IE Driver Initialized*****
*****IE Driver Initialized*****
*****IE Driver Initialized*****
*****IE Driver Initialized*****
*****IE Driver Initialized*****
*****IE Driver Initialized*****
*****IE Driver Initialized*****
*****IE Driver Initialized*****
*****IE Driver Initialized*****
*****IE Driver Initialized*****
*****IE Driver Initialized*****
*****IE Driver Initialized*****
*****Driver Initialized*****
*****Driver Initialized*****
*****Driver Initialized*****
*****Driver Initialized*****
*****Driver Initialized*****
*****Driver Initialized*****
*****Driver Initialized*****
*****Driver Initialized*****
*****Driver Initialized*****
*****Driver Initialized*****
*****Driver Initialized*****
*****Driver Initialized*****
*****Driver Initialized*****
*****Driver Initialized*****
*****Driver Initialized*****
*****Driver Initialized*****
*****Driver Initialized*****
*****Unable to launch the application
*****Unable to launch the application
*****Unable to launch the application
*****Unable to launch the application
*****Unable to launch the application
*****Unable to launch the application
*****Unable to launch the application
*****Unable to launch the application
*****Unable to launch the application
*****Unable to launch the application
*****Unable to launch the application
*****Unable to launch the application
*****Unable to launch the application
*****Unable to launch the application
*****Unable to launch the application
*****Unable to launch the application
*****Unable to launch the application
Message: 
Traceback (most recent call last):
  File "Features\steps\signUp_steps_IE.py", line 102, in Signup1
    login_password_element = WebDriverWait(context.driver, 10).until(
  File "c:\python\lib\site-packages\selenium\webdriver\support\wait.py", line 80, in until
    raise TimeoutException(message, screen, stacktrace)
selenium.common.exceptions.TimeoutException: Message: 

Message: 
Traceback (most recent call last):
  File "Features\steps\signUp_steps_IE.py", line 102, in Signup1
    login_password_element = WebDriverWait(context.driver, 10).until(
  File "c:\python\lib\site-packages\selenium\webdriver\support\wait.py", line 80, in until
    raise TimeoutException(message, screen, stacktrace)
selenium.common.exceptions.TimeoutException: Message: 

Message: 
Traceback (most recent call last):
  File "Features\steps\signUp_steps_IE.py", line 102, in Signup1
    login_password_element = WebDriverWait(context.driver, 10).until(
  File "c:\python\lib\site-packages\selenium\webdriver\support\wait.py", line 80, in until
    raise TimeoutException(message, screen, stacktrace)
selenium.common.exceptions.TimeoutException: Message: 

Message: 
Traceback (most recent call last):
  File "Features\steps\signUp_steps_IE.py", line 102, in Signup1
    login_password_element = WebDriverWait(context.driver, 10).until(
  File "c:\python\lib\site-packages\selenium\webdriver\support\wait.py", line 80, in until
    raise TimeoutException(message, screen, stacktrace)
selenium.common.exceptions.TimeoutException: Message: 

Message: 
Traceback (most recent call last):
  File "Features\steps\signUp_steps_IE.py", line 102, in Signup1
    login_password_element = WebDriverWait(context.driver, 10).until(
  File "c:\python\lib\site-packages\selenium\webdriver\support\wait.py", line 80, in until
    raise TimeoutException(message, screen, stacktrace)
selenium.common.exceptions.TimeoutException: Message: 

Message: 
Traceback (most recent call last):
  File "Features\steps\signUp_steps_IE.py", line 102, in Signup1
    login_password_element = WebDriverWait(context.driver, 10).until(
  File "c:\python\lib\site-packages\selenium\webdriver\support\wait.py", line 80, in until
    raise TimeoutException(message, screen, stacktrace)
selenium.common.exceptions.TimeoutException: Message: 

Message: 
Traceback (most recent call last):
  File "Features\steps\signUp_steps_IE.py", line 102, in Signup1
    login_password_element = WebDriverWait(context.driver, 10).until(
  File "c:\python\lib\site-packages\selenium\webdriver\support\wait.py", line 80, in until
    raise TimeoutException(message, screen, stacktrace)
selenium.common.exceptions.TimeoutException: Message: 

Message: 
Traceback (most recent call last):
  File "Features\steps\signUp_steps_IE.py", line 102, in Signup1
    login_password_element = WebDriverWait(context.driver, 10).until(
  File "c:\python\lib\site-packages\selenium\webdriver\support\wait.py", line 80, in until
    raise TimeoutException(message, screen, stacktrace)
selenium.common.exceptions.TimeoutException: Message: 

Message: 
Traceback (most recent call last):
  File "Features\steps\signUp_steps_IE.py", line 102, in Signup1
    login_password_element = WebDriverWait(context.driver, 10).until(
  File "c:\python\lib\site-packages\selenium\webdriver\support\wait.py", line 80, in until
    raise TimeoutException(message, screen, stacktrace)
selenium.common.exceptions.TimeoutException: Message: 

Message: 
Traceback (most recent call last):
  File "Features\steps\signUp_steps_IE.py", line 102, in Signup1
    login_password_element = WebDriverWait(context.driver, 10).until(
  File "c:\python\lib\site-packages\selenium\webdriver\support\wait.py", line 80, in until
    raise TimeoutException(message, screen, stacktrace)
selenium.common.exceptions.TimeoutException: Message: 

Message: 
Traceback (most recent call last):
  File "Features\steps\signUp_steps_IE.py", line 102, in Signup1
    login_password_element = WebDriverWait(context.driver, 10).until(
  File "c:\python\lib\site-packages\selenium\webdriver\support\wait.py", line 80, in until
    raise TimeoutException(message, screen, stacktrace)
selenium.common.exceptions.TimeoutException: Message: 

Message: 
Traceback (most recent call last):
  File "Features\steps\signUp_steps_IE.py", line 102, in Signup1
    login_password_element = WebDriverWait(context.driver, 10).until(
  File "c:\python\lib\site-packages\selenium\webdriver\support\wait.py", line 80, in until
    raise TimeoutException(message, screen, stacktrace)
selenium.common.exceptions.TimeoutException: Message: 

Message: 
Traceback (most recent call last):
  File "Features\steps\signUp_steps_IE.py", line 102, in Signup1
    login_password_element = WebDriverWait(context.driver, 10).until(
  File "c:\python\lib\site-packages\selenium\webdriver\support\wait.py", line 80, in until
    raise TimeoutException(message, screen, stacktrace)
selenium.common.exceptions.TimeoutException: Message: 

Message: 
Traceback (most recent call last):
  File "Features\steps\signUp_steps_IE.py", line 102, in Signup1
    login_password_element = WebDriverWait(context.driver, 10).until(
  File "c:\python\lib\site-packages\selenium\webdriver\support\wait.py", line 80, in until
    raise TimeoutException(message, screen, stacktrace)
selenium.common.exceptions.TimeoutException: Message: 

Message: 
Traceback (most recent call last):
  File "Features\steps\signUp_steps_IE.py", line 102, in Signup1
    login_password_element = WebDriverWait(context.driver, 10).until(
  File "c:\python\lib\site-packages\selenium\webdriver\support\wait.py", line 80, in until
    raise TimeoutException(message, screen, stacktrace)
selenium.common.exceptions.TimeoutException: Message: 

Message: 
Traceback (most recent call last):
  File "Features\steps\signUp_steps_IE.py", line 102, in Signup1
    login_password_element = WebDriverWait(context.driver, 10).until(
  File "c:\python\lib\site-packages\selenium\webdriver\support\wait.py", line 80, in until
    raise TimeoutException(message, screen, stacktrace)
selenium.common.exceptions.TimeoutException: Message: 

Message: 
Traceback (most recent call last):
  File "Features\steps\signUp_steps_IE.py", line 102, in Signup1
    login_password_element = WebDriverWait(context.driver, 10).until(
  File "c:\python\lib\site-packages\selenium\webdriver\support\wait.py", line 80, in until
    raise TimeoutException(message, screen, stacktrace)
selenium.common.exceptions.TimeoutException: Message: 

*****Expected Element for sign up page Not Found******
*****Expected Element for sign up page Not Found******
*****Expected Element for sign up page Not Found******
*****Expected Element for sign up page Not Found******
*****Expected Element for sign up page Not Found******
*****Expected Element for sign up page Not Found******
*****Expected Element for sign up page Not Found******
*****Expected Element for sign up page Not Found******
*****Expected Element for sign up page Not Found******
*****Expected Element for sign up page Not Found******
*****Expected Element for sign up page Not Found******
*****Expected Element for sign up page Not Found******
*****Expected Element for sign up page Not Found******
*****Expected Element for sign up page Not Found******
*****Expected Element for sign up page Not Found******
*****Expected Element for sign up page Not Found******
*****Expected Element for sign up page Not Found******
